2026-02-07 00:14:38,303 - INFO - Starting Test Scenario...
2026-02-07 00:14:38,303 - INFO - Starting Test Scenario...
2026-02-07 00:14:38,325 - INFO - Launching Test Harness...
2026-02-07 00:14:38,325 - INFO - Launching Test Harness...
2026-02-07 00:14:41,999 - INFO - Captured initial state screenshot.
2026-02-07 00:14:41,999 - INFO - Captured initial state screenshot.
2026-02-07 00:14:42,026 - INFO - Launching Auto Clicker Bot...
2026-02-07 00:14:42,026 - INFO - Launching Auto Clicker Bot...
2026-02-07 00:14:42,057 - INFO - Monitoring for 60 seconds...
2026-02-07 00:14:42,057 - INFO - Monitoring for 60 seconds...
2026-02-07 00:14:43,301 - INFO - Test running... 0s
2026-02-07 00:14:43,301 - INFO - Test running... 0s
2026-02-07 00:14:46,202 - INFO - Initializing Autonomous Auto Clicker...
2026-02-07 00:14:46,202 - INFO - Running Self-Tests...
2026-02-07 00:14:48,445 - INFO - Test running... 5s
2026-02-07 00:14:48,445 - INFO - Test running... 5s
2026-02-07 00:14:53,512 - INFO - Test running... 10s
2026-02-07 00:14:53,512 - INFO - Test running... 10s
2026-02-07 00:14:54,801 - INFO - TEST PASS: OCR System functional.
2026-02-07 00:14:54,802 - INFO - Self-Tests Passed.
2026-02-07 00:14:54,802 - INFO - Starting Continuous Execution Loop...
2026-02-07 00:14:58,629 - INFO - Test running... 15s
2026-02-07 00:14:58,629 - INFO - Test running... 15s
2026-02-07 00:15:01,023 - INFO - Detected 14 potential targets.
2026-02-07 00:15:01,024 - INFO - Engaging Target: Continue (CLICK)
2026-02-07 00:15:03,650 - INFO - Test running... 20s
2026-02-07 00:15:03,650 - INFO - Test running... 20s
2026-02-07 00:15:08,572 - INFO - ACTION: CLICK | KEYWORD: 'Continue' | COORDS: (137, 429, 149, 58) | VERIFIED: PASS | RETRY: 0 | COMPLETION: N/A%
2026-02-07 00:15:08,573 - INFO - Action Verified: Keyword disappeared from target location
2026-02-07 00:15:08,770 - INFO - Test running... 25s
2026-02-07 00:15:08,770 - INFO - Test running... 25s
2026-02-07 00:15:13,843 - INFO - Test running... 30s
2026-02-07 00:15:13,843 - INFO - Test running... 30s
2026-02-07 00:15:15,150 - INFO - Detected 12 potential targets.
2026-02-07 00:15:15,150 - INFO - Engaging Target: Confirm (CLICK)
2026-02-07 00:15:18,860 - INFO - Test running... 35s
2026-02-07 00:15:18,860 - INFO - Test running... 35s
2026-02-07 00:15:20,518 - INFO - ACTION: CLICK | KEYWORD: 'Confirm' | COORDS: (587, 329, 137, 58) | VERIFIED: PASS | RETRY: 0 | COMPLETION: N/A%
2026-02-07 00:15:20,518 - INFO - Action Verified: Keyword disappeared from target location
2026-02-07 00:15:23,873 - INFO - Test running... 40s
2026-02-07 00:15:23,873 - INFO - Test running... 40s
2026-02-07 00:15:25,068 - INFO - Detected 11 potential targets.
2026-02-07 00:15:25,068 - INFO - Engaging Target: Proceed (CLICK)
2026-02-07 00:15:28,904 - INFO - Test running... 45s
2026-02-07 00:15:28,904 - INFO - Test running... 45s
2026-02-07 00:15:29,789 - INFO - ACTION: CLICK | KEYWORD: 'Proceed' | COORDS: (362, 329, 142, 58) | VERIFIED: PASS | RETRY: 0 | COMPLETION: N/A%
2026-02-07 00:15:29,789 - INFO - Action Verified: Keyword disappeared from target location
2026-02-07 00:15:33,224 - INFO - Detected 7 potential targets.
2026-02-07 00:15:33,225 - INFO - Engaging Target: Run (CLICK)
2026-02-07 00:15:33,920 - INFO - Test running... 50s
2026-02-07 00:15:33,920 - INFO - Test running... 50s
2026-02-07 00:15:39,000 - INFO - Test running... 55s
2026-02-07 00:15:39,000 - INFO - Test running... 55s
2026-02-07 00:15:39,625 - INFO - ACTION: CLICK | KEYWORD: 'Run' | COORDS: (587, 229, 91, 58) | VERIFIED: PASS | RETRY: 0 | COMPLETION: N/A%
2026-02-07 00:15:39,625 - INFO - Action Verified: Keyword disappeared from target location
2026-02-07 00:15:43,357 - INFO - Captured end state screenshot.
2026-02-07 00:15:43,357 - INFO - Captured end state screenshot.
2026-02-07 00:15:43,360 - INFO - Terminating processes...
2026-02-07 00:15:43,360 - INFO - Terminating processes...
2026-02-07 00:15:43,402 - INFO - Found 4 verified actions in the NEW log entries.
2026-02-07 00:15:43,402 - INFO - Found 4 verified actions in the NEW log entries.
2026-02-07 00:15:43,409 - INFO - TEST RESULT: PASS
2026-02-07 00:15:43,409 - INFO - TEST RESULT: PASS
